2026-02-10T16:04:58.977+05:30  INFO 357069 --- [activityService] [main] i.p.f.a.ActivityServiceApplication       : Starting ActivityServiceApplication using Java 21.0.10 with PID 357069 (/home/ambika/projects/fullstack/fitnessApp/backend/activityService/target/classes started by ambika in /home/ambika/projects/fullstack/fitnessApp/backend/activityService)
2026-02-10T16:04:58.981+05:30 DEBUG 357069 --- [activityService] [main] i.p.f.a.ActivityServiceApplication       : Running with Spring Boot v4.0.2, Spring v7.0.3
2026-02-10T16:04:58.982+05:30  INFO 357069 --- [activityService] [main] i.p.f.a.ActivityServiceApplication       : No active profile set, falling back to 1 default profile: "default"
2026-02-10T16:04:59.486+05:30  INFO 357069 --- [activityService] [main] .s.d.r.c.RepositoryConfigurationDelegate : Bootstrapping Spring Data MongoDB repositories in DEFAULT mode.
2026-02-10T16:04:59.530+05:30  INFO 357069 --- [activityService] [main] .s.d.r.c.RepositoryConfigurationDelegate : Finished Spring Data repository scanning in 38 ms. Found 1 MongoDB repository interface.
2026-02-10T16:04:59.837+05:30  INFO 357069 --- [activityService] [main] o.s.boot.tomcat.TomcatWebServer          : Tomcat initialized with port 8082 (http)
2026-02-10T16:04:59.846+05:30  INFO 357069 --- [activityService] [main] o.apache.catalina.core.StandardService   : Starting service [Tomcat]
2026-02-10T16:04:59.847+05:30  INFO 357069 --- [activityService] [main] o.apache.catalina.core.StandardEngine    : Starting Servlet engine: [Apache Tomcat/11.0.15]
2026-02-10T16:04:59.871+05:30  INFO 357069 --- [activityService] [main] b.w.c.s.WebApplicationContextInitializer : Root WebApplicationContext: initialization completed in 833 ms
2026-02-10T16:04:59.997+05:30 DEBUG 357069 --- [activityService] [main] org.mongodb.driver.cluster               : Starting monitoring for topology with ID ClusterId{value='698b09d31896bc76d85cd790', description='null'}
2026-02-10T16:05:00.000+05:30 DEBUG 357069 --- [activityService] [main] org.mongodb.driver.cluster               : Updating cluster description to  {type=UNKNOWN, servers=[{address=localhost:27017, type=UNKNOWN, state=CONNECTING}]
2026-02-10T16:05:00.001+05:30 DEBUG 357069 --- [activityService] [main] org.mongodb.driver.cluster               : Description changed for topology with ID ClusterId{value='698b09d31896bc76d85cd790', description='null'}. Previous description: {type=UNKNOWN, servers=[]. New description: {type=UNKNOWN, servers=[{address=localhost:27017, type=UNKNOWN, state=CONNECTING}]
2026-02-10T16:05:00.009+05:30 DEBUG 357069 --- [activityService] [main] org.mongodb.driver.cluster               : Starting monitoring for server localhost:27017 in topology with ID ClusterId{value='698b09d31896bc76d85cd790', description='null'}
2026-02-10T16:05:00.009+05:30 DEBUG 357069 --- [activityService] [cluster-ClusterId{value='698b09d31896bc76d85cd790', description='null'}-localhost:27017] org.mongodb.driver.cluster               : Checking status of localhost:27017
2026-02-10T16:05:00.014+05:30 DEBUG 357069 --- [activityService] [cluster-ClusterId{value='698b09d31896bc76d85cd790', description='null'}-localhost:27017] org.mongodb.driver.cluster               : Heartbeat started for localhost:27017 on connection with driver-generated ID 1 and server-generated ID null in topology with ID ClusterId{value='698b09d31896bc76d85cd790', description='null'}. Awaited: false
2026-02-10T16:05:00.021+05:30  INFO 357069 --- [activityService] [main] org.mongodb.driver.client                : MongoClient with metadata {"driver": {"name": "mongo-java-driver|spring-boot|sync", "version": "5.6.2"}, "os": {"type": "Linux", "name": "Linux", "architecture": "amd64", "version": "5.15.0-119-generic"}, "platform": "Java/Ubuntu/21.0.10+7-Ubuntu-122.04"} created with settings MongoClientSettings{readPreference=primary, writeConcern=WriteConcern{w=null, wTimeout=null ms, journal=null}, retryWrites=true, retryReads=true, readConcern=ReadConcern{level=null}, credential=null, transportSettings=null, commandListeners=[], codecRegistry=ProvidersCodecRegistry{codecProviders=[ValueCodecProvider{}, BsonValueCodecProvider{}, DBRefCodecProvider{}, DBObjectCodecProvider{}, DocumentCodecProvider{}, CollectionCodecProvider{}, IterableCodecProvider{}, MapCodecProvider{}, GeoJsonCodecProvider{}, GridFSFileCodecProvider{}, Jsr310CodecProvider{}, JsonObjectCodecProvider{}, BsonCodecProvider{}, com.mongodb.client.model.mql.ExpressionCodecProvider@29fe4840, com.mongodb.Jep395RecordCodecProvider@7f287b98, com.mongodb.KotlinCodecProvider@4684240f, EnumCodecProvider{}]}, loggerSettings=LoggerSettings{maxDocumentLength=1000}, clusterSettings={hosts=[localhost:27017], srvServiceName=mongodb, mode=SINGLE, requiredClusterType=UNKNOWN, requiredReplicaSetName='null', serverSelector='null', clusterListeners='[]', serverSelectionTimeout='30000 ms', localThreshold='15 ms'}, socketSettings=SocketSettings{connectTimeoutMS=10000, readTimeoutMS=0, receiveBufferSize=0, proxySettings=ProxySettings{host=null, port=null, username=null, password=null}}, heartbeatSocketSettings=SocketSettings{connectTimeoutMS=10000, readTimeoutMS=10000, receiveBufferSize=0, proxySettings=ProxySettings{host=null, port=null, username=null, password=null}}, connectionPoolSettings=ConnectionPoolSettings{maxSize=100, minSize=0, maxWaitTimeMS=120000, maxConnectionLifeTimeMS=0, maxConnectionIdleTimeMS=0, maintenanceInitialDelayMS=0, maintenanceFrequencyMS=60000, connectionPoolListeners=[], maxConnecting=2}, serverSettings=ServerSettings{heartbeatFrequencyMS=10000, minHeartbeatFrequencyMS=500, serverMonitoringMode=AUTO, serverListeners='[]', serverMonitorListeners='[]'}, sslSettings=SslSettings{enabled=false, invalidHostNameAllowed=false, context=null}, applicationName='null', compressorList=[], uuidRepresentation=UNSPECIFIED, serverApi=null, autoEncryptionSettings=null, dnsClient=null, inetAddressResolver=null, contextProvider=null, timeoutMS=null}
2026-02-10T16:05:00.035+05:30  INFO 357069 --- [activityService] [cluster-ClusterId{value='698b09d31896bc76d85cd790', description='null'}-localhost:27017] org.mongodb.driver.cluster               : Monitor thread successfully connected to server with description ServerDescription{address=localhost:27017, type=STANDALONE, cryptd=false, state=CONNECTED, ok=true, minWireVersion=0, maxWireVersion=21, maxDocumentSize=16777216, logicalSessionTimeoutMinutes=30, roundTripTimeNanos=13403736, minRoundTripTimeNanos=0}
2026-02-10T16:05:00.038+05:30 DEBUG 357069 --- [activityService] [cluster-ClusterId{value='698b09d31896bc76d85cd790', description='null'}-localhost:27017] org.mongodb.driver.cluster               : Updating cluster description to  {type=STANDALONE, servers=[{address=localhost:27017, type=STANDALONE, roundTripTime=13.4 ms, state=CONNECTED}]
2026-02-10T16:05:00.038+05:30 DEBUG 357069 --- [activityService] [cluster-ClusterId{value='698b09d31896bc76d85cd790', description='null'}-localhost:27017] org.mongodb.driver.cluster               : Description changed for topology with ID ClusterId{value='698b09d31896bc76d85cd790', description='null'}. Previous description: {type=UNKNOWN, servers=[{address=localhost:27017, type=UNKNOWN, state=CONNECTING}]. New description: {type=STANDALONE, servers=[{address=localhost:27017, type=STANDALONE, roundTripTime=13.4 ms, state=CONNECTED}]
2026-02-10T16:05:00.038+05:30 DEBUG 357069 --- [activityService] [cluster-ClusterId{value='698b09d31896bc76d85cd790', description='null'}-localhost:27017] org.mongodb.driver.cluster               : Checking status of localhost:27017
2026-02-10T16:05:00.180+05:30 DEBUG 357069 --- [activityService] [main] .m.c.i.MongoPersistentEntityIndexCreator : Analyzing class class in.parida.fitness.activityService.model.Activity for index information
2026-02-10T16:05:00.309+05:30  WARN 357069 --- [activityService] [main] ConfigServletWebServerApplicationContext : Exception encountered during context initialization - cancelling refresh attempt: org.springframework.beans.factory.UnsatisfiedDependencyException: Error creating bean with name 'requestMappingHandlerMapping' defined in class path resource [org/springframework/boot/webmvc/autoconfigure/WebMvcAutoConfiguration$EnableWebMvcConfiguration.class]: Unsatisfied dependency expressed through method 'requestMappingHandlerMapping' parameter 0: Error creating bean with name 'mvcContentNegotiationManager' defined in class path resource [org/springframework/boot/webmvc/autoconfigure/WebMvcAutoConfiguration$EnableWebMvcConfiguration.class]: Failed to instantiate [org.springframework.web.accept.ContentNegotiationManager]: Factory method 'mvcContentNegotiationManager' threw exception with message: Error creating bean with name 'jacksonJsonHttpMessageConvertersCustomizer' defined in class path resource [org/springframework/boot/http/converter/autoconfigure/JacksonHttpMessageConvertersConfiguration$JacksonJsonHttpMessageConverterConfiguration.class]: Unsatisfied dependency expressed through method 'jacksonJsonHttpMessageConvertersCustomizer' parameter 0: Error creating bean with name 'jacksonJsonMapper' defined in class path resource [org/springframework/boot/jackson/autoconfigure/JacksonAutoConfiguration.class]: Unsatisfied dependency expressed through method 'jacksonJsonMapper' parameter 0: Error creating bean with name 'jsonMapperBuilder' defined in class path resource [org/springframework/boot/jackson/autoconfigure/JacksonAutoConfiguration.class]: Unsatisfied dependency expressed through method 'jsonMapperBuilder' parameter 0: Error creating bean with name 'standardJsonMapperBuilderCustomizer' defined in class path resource [org/springframework/boot/jackson/autoconfigure/JacksonAutoConfiguration$JacksonJsonMapperBuilderCustomizerConfiguration.class]: Unsatisfied dependency expressed through method 'standardJsonMapperBuilderCustomizer' parameter 0: Error creating bean with name 'spring.jackson-org.springframework.boot.jackson.autoconfigure.JacksonProperties': Could not bind properties to 'JacksonProperties' : prefix=spring.jackson, ignoreInvalidFields=false, ignoreUnknownFields=true
2026-02-10T16:05:00.311+05:30 DEBUG 357069 --- [activityService] [main] org.mongodb.driver.cluster               : Stopped monitoring for server localhost:27017 in topology with ID ClusterId{value='698b09d31896bc76d85cd790', description='null'}
2026-02-10T16:05:00.311+05:30 DEBUG 357069 --- [activityService] [main] org.mongodb.driver.cluster               : Description changed for topology with ID ClusterId{value='698b09d31896bc76d85cd790', description='null'}. Previous description: {type=STANDALONE, servers=[{address=localhost:27017, type=STANDALONE, roundTripTime=13.4 ms, state=CONNECTED}]. New description: {type=UNKNOWN, servers=[]
2026-02-10T16:05:00.311+05:30 DEBUG 357069 --- [activityService] [main] org.mongodb.driver.cluster               : Stopped monitoring for topology with ID ClusterId{value='698b09d31896bc76d85cd790', description='null'}
2026-02-10T16:05:00.312+05:30 DEBUG 357069 --- [activityService] [cluster-ClusterId{value='698b09d31896bc76d85cd790', description='null'}-localhost:27017] org.mongodb.driver.cluster               : Heartbeat failed in 273 ms for localhost:27017 on connection with driver-generated ID 1 and server-generated ID 88 in topology with ID ClusterId{value='698b09d31896bc76d85cd790', description='null'}. Awaited: true. Failure: Interrupted while receiving message
2026-02-10T16:05:00.314+05:30  INFO 357069 --- [activityService] [main] o.apache.catalina.core.StandardService   : Stopping service [Tomcat]
2026-02-10T16:05:00.320+05:30  INFO 357069 --- [activityService] [main] .s.b.a.l.ConditionEvaluationReportLogger : 

Error starting ApplicationContext. To display the condition evaluation report re-run your application with 'debug' enabled.
2026-02-10T16:05:00.329+05:30 ERROR 357069 --- [activityService] [main] o.s.b.d.LoggingFailureAnalysisReporter   : 

***************************
APPLICATION FAILED TO START
***************************

Description:

Failed to bind properties under 'spring.jackson.serialization' to java.util.Map<tools.jackson.databind.SerializationFeature, java.lang.Boolean>:

    Reason: failed to convert java.lang.String to tools.jackson.databind.SerializationFeature (caused by java.lang.IllegalArgumentException: No enum constant tools.jackson.databind.SerializationFeature.write-dates-as-timestamps)

Action:

Update your application's configuration. The following values are valid:

    CLOSE_CLOSEABLE
    EAGER_SERIALIZER_FETCH
    FAIL_ON_EMPTY_BEANS
    FAIL_ON_ORDER_MAP_BY_INCOMPARABLE_KEY
    FAIL_ON_SELF_REFERENCES
    FAIL_ON_UNWRAPPED_TYPE_IDENTIFIERS
    FLUSH_AFTER_WRITE_VALUE
    INDENT_OUTPUT
    ORDER_MAP_ENTRIES_BY_KEYS
    USE_EQUALITY_FOR_OBJECT_ID
    WRAP_EXCEPTIONS
    WRAP_ROOT_VALUE
    WRITE_CHAR_ARRAYS_AS_JSON_ARRAYS
    WRITE_EMPTY_JSON_ARRAYS
    WRITE_SELF_REFERENCES_AS_NULL
    WRITE_SINGLE_ELEM_ARRAYS_UNWRAPPED

